\ SDSS avg   Airmass 1.30
\ Eff lambdas:   3549  4685  6168  7491  8902
\ k terms:      0.552 0.193 0.093 0.073 0.096
\ Filter resp for 1.300 airmasses, SDSS avg 
\ These are AB magnitudes on the natural average SDSS system; zeropoints
\ for 'real' system are yet to be determined. (011218)
\ Star              B-V     u'    g'    r'    i'    z'    u-g   g-r   r-i   i-z
  1 9 SGR      O5  -.34  -0.80 -0.36  0.24  0.62  0.90  -0.45 -0.59 -0.38 -0.28
  2 9 SGE      O8F -.32  -0.75 -0.35  0.21  0.62  0.94  -0.41 -0.56 -0.41 -0.32
  3 HR 8023    O6  -.31  -0.71 -0.34  0.23  0.61  0.96  -0.37 -0.57 -0.39 -0.34
  4 -1 935     B1d -.26  -0.53 -0.30  0.20  0.54  0.81  -0.23 -0.50 -0.34 -0.27
  5 60 CYG     B1d -.27  -0.49 -0.32  0.21  0.58  0.88  -0.18 -0.53 -0.37 -0.30
  6 102 HER    B2d -.24  -0.38 -0.30  0.20  0.57  0.88  -0.09 -0.50 -0.37 -0.31
  7 ETA HYA    B3d -.20  -0.19 -0.26  0.18  0.49  0.71   0.07 -0.44 -0.31 -0.23
  8 IOTA HER   B3d -.20  -0.17 -0.27  0.18  0.51  0.76   0.09 -0.45 -0.32 -0.25
  9 HR 7899    B4d -.20  -0.15 -0.26  0.20  0.53  0.79   0.11 -0.46 -0.33 -0.26
 10 38 OPH     A1d -.14   0.07 -0.22  0.16  0.46  0.67   0.29 -0.39 -0.30 -0.21
 11 HR 7174    B6d -.11   0.31 -0.20  0.14  0.41  0.60   0.51 -0.34 -0.27 -0.19
 12 9 VUL      B7d -.10   0.32 -0.19  0.14  0.40  0.57   0.52 -0.34 -0.25 -0.17
 13 HD 189689  B9d -.08   0.40 -0.17  0.14  0.39  0.53   0.57 -0.31 -0.25 -0.13
 14 THETA VIR  A0d -.03   0.85 -0.14  0.12  0.33  0.46   0.99 -0.26 -0.21 -0.13
 15 NU CAP     B9d -.02   0.75 -0.14  0.13  0.32  0.45   0.89 -0.27 -0.19 -0.13
 16 HR 6169    A2d -.02   0.88 -0.14  0.11  0.32  0.49   1.02 -0.25 -0.22 -0.16
 17 HD 190849A A1d 0.01   0.84 -0.12  0.13  0.33  0.46   0.96 -0.25 -0.20 -0.13
 18 69 HER     A2d 0.00   0.89 -0.13  0.12  0.32  0.46   1.02 -0.25 -0.20 -0.14
 19 HD 190849B A3d 0.06   0.95 -0.09  0.11  0.30  0.42   1.04 -0.20 -0.19 -0.12
 20 58 AQL     A0d 0.06   0.98 -0.08  0.09  0.27  0.36   1.06 -0.17 -0.17 -0.09
 21 78 HER     B9d 0.04   0.97 -0.10  0.09  0.27  0.38   1.07 -0.20 -0.18 -0.11
 22 HR 6570    A7d 0.11   1.09 -0.06  0.09  0.26  0.41   1.15 -0.15 -0.17 -0.15
 23 HD 187754  A2d 0.13   1.19 -0.04  0.08  0.20  0.26   1.23 -0.11 -0.12 -0.06
 24 THETA1 SER A5d 0.14   1.09 -0.03  0.07  0.19  0.29   1.12 -0.10 -0.12 -0.10
 25 PRAESEPE 276   0.16   1.20 -0.01  0.03  0.17  0.24   1.21 -0.04 -0.14 -0.07
 26 PRAESEPE 114   0.17   1.14 -0.00  0.03  0.13  0.21   1.15 -0.03 -0.10 -0.08
 27 PRAESEPE 154   0.22   1.14  0.03  0.03  0.10  0.18   1.11 -0.00 -0.08 -0.08
 28 HD 190192  A5d 0.23   1.16  0.04  0.02  0.09  0.14   1.12  0.01 -0.06 -0.06
 29 PRAESEPE 226   0.28   1.16  0.07 -0.00  0.03  0.08   1.10  0.07 -0.03 -0.06
 30 PRAESEPE 37    0.31   1.17  0.09 -0.03  0.01  0.05   1.08  0.12 -0.04 -0.04
 31 HD 191177  F4d 0.31   1.25  0.09 -0.03 -0.03  0.03   1.15  0.13 -0.01 -0.06
 32 PRAESEPE 332   0.39   1.17  0.15 -0.07 -0.07 -0.05   1.02  0.22  0.00 -0.02
 33 BD+293891  F6d 0.40   1.22  0.15 -0.07 -0.12 -0.08   1.06  0.22  0.05 -0.04
 34 PRAESEPE 222   0.43   1.22  0.17 -0.07 -0.12 -0.13   1.05  0.24  0.05  0.01
 35 HD 35296   F8d 0.49   1.29  0.22 -0.12 -0.19 -0.22   1.07  0.33  0.08  0.03
 36 BD+263780  G0d 0.50   1.29  0.23 -0.12 -0.21 -0.22   1.07  0.34  0.09  0.01
 37 HD 148816  F9d 0.51   1.18  0.24 -0.13 -0.23 -0.28   0.93  0.37  0.10  0.05
 38 HD 155675  F8d 0.51   1.25  0.23 -0.12 -0.25 -0.28   1.01  0.36  0.13  0.03
 39 PRAESEPE 418   0.53   1.37  0.25 -0.12 -0.20 -0.22   1.13  0.37  0.08  0.02
 40 HYAD 1         0.53   1.43  0.25 -0.12 -0.21 -0.24   1.18  0.36  0.09  0.02
 41 HD 122693  F8d 0.51   1.42  0.23 -0.14 -0.25 -0.23   1.19  0.37  0.11 -0.02
 42 HD 154417  F8d 0.54   1.37  0.25 -0.13 -0.23 -0.24   1.12  0.39  0.10  0.01
 43 HYAD 2         0.58   1.50  0.28 -0.15 -0.24 -0.27   1.22  0.42  0.09  0.04
 44 HD 227547  G5d 0.59   1.52  0.28 -0.14 -0.26 -0.30   1.24  0.42  0.12  0.05
 45 HD 154760  G2d 0.59   1.49  0.28 -0.14 -0.28 -0.32   1.21  0.42  0.14  0.04
 46 HD 190605  G2d 0.59   1.58  0.28 -0.15 -0.26 -0.29   1.29  0.43  0.11  0.03
 47 HYAD 15        0.62   1.60  0.31 -0.17 -0.28 -0.34   1.29  0.48  0.11  0.06
 48 HD 139777A K0d 0.63   1.53  0.31 -0.16 -0.32 -0.33   1.22  0.47  0.15  0.02
 49 HD 136274  G8d 0.67   1.78  0.34 -0.20 -0.37 -0.41   1.44  0.54  0.17  0.04
 50 HYAD 26        0.71   1.82  0.36 -0.19 -0.32 -0.39   1.45  0.56  0.13  0.07
 51 HD 150205  G5d 0.70   1.79  0.36 -0.18 -0.34 -0.41   1.43  0.54  0.16  0.07
 52 HYAD 21        0.77   2.00  0.40 -0.20 -0.36 -0.45   1.60  0.60  0.16  0.09
 53 +02 3001   G8d 0.79   1.96  0.42 -0.25 -0.48 -0.55   1.54  0.67  0.23  0.07
 54 HD 190571  G8d 0.82   2.11  0.43 -0.22 -0.45 -0.57   1.67  0.65  0.22  0.12
 55 HYAD 183       0.89   2.37  0.49 -0.29 -0.49 -0.64   1.88  0.78  0.21  0.14
 56 HD 190470  K3d 0.90   2.41  0.49 -0.27 -0.50 -0.62   1.92  0.77  0.22  0.12
 57 HD 154712  K4d 0.97   2.67  0.55 -0.35 -0.64 -0.79   2.11  0.90  0.29  0.15
 58 HYAD 185       1.07   2.78  0.63 -0.37 -0.72 -0.93   2.15  1.01  0.35  0.21
 59 +38 2457   K8d 1.06   2.94  0.62 -0.39 -0.71 -0.86   2.32  1.01  0.32  0.15
 60 HYAD 173       1.20   3.21  0.74 -0.45 -0.85 -1.11   2.48  1.19  0.40  0.26
 61 GL 40      M0d 1.27   3.29  0.80 -0.50 -1.00 -1.28   2.50  1.30  0.50  0.28
 62 HYAD 189       1.32   3.42  0.83 -0.49 -1.00 -1.29   2.60  1.32  0.51  0.30
 63 HD 151288  K7d 1.35   3.41  0.85 -0.49 -1.03 -1.32   2.56  1.35  0.54  0.29
 64 HD 157881  K7d 1.33   3.42  0.83 -0.50 -1.06 -1.38   2.59  1.33  0.56  0.32
 65 HD 132683  M0d 1.34   3.44  0.85 -0.52 -1.12 -1.40   2.60  1.37  0.59  0.29
 66 GL 15A     M0d 1.51   3.56  0.97 -0.59 -1.47 -1.95   2.60  1.55  0.88  0.49
 67 GL 49      M2d 1.44   3.59  0.98 -0.50 -1.42 -1.91   2.62  1.48  0.92  0.49
 68 GL 109     M4d 1.50   3.61  0.94 -0.57 -1.74 -2.39   2.67  1.51  1.17  0.64
 69 GL 15B     M6d 1.71   4.04  1.06 -0.63 -2.05 -2.81   2.97  1.70  1.42  0.76
 70 GL 83.1    M8d 1.70   3.94  1.04 -0.65 -2.32 -3.23   2.90  1.69  1.67  0.91
 71 GL 65      M5d 1.77   3.71  1.05 -0.67 -2.80 -4.00   2.67  1.72  2.13  1.20
 72 HR 7567    B1s -.25  -0.42 -0.30  0.22  0.60  0.90  -0.12 -0.52 -0.38 -0.30
 73 HR 7591    B2g -.25  -0.40 -0.30  0.20  0.54  0.82  -0.11 -0.50 -0.35 -0.28
 74 20 AQL     B3s -.16  -0.00 -0.24  0.18  0.47  0.70   0.23 -0.42 -0.29 -0.23
 75 HR 7467    B3g -.18  -0.06 -0.25  0.18  0.50  0.75   0.20 -0.43 -0.32 -0.25
 76 IOTA LYR   B7s -.13   0.15 -0.22  0.16  0.45  0.62   0.37 -0.38 -0.30 -0.17
 77 HR 7346    B7g -.11   0.31 -0.21  0.16  0.41  0.62   0.51 -0.36 -0.26 -0.20
 78 59 HER     A3g -.04   0.88 -0.17  0.13  0.37  0.51   1.04 -0.30 -0.23 -0.14
 79 HR 6642    A0s -.04   0.74 -0.16  0.14  0.39  0.55   0.90 -0.30 -0.25 -0.16
 80 11 SGE     B9s -.03   0.72 -0.15  0.12  0.37  0.52   0.87 -0.27 -0.24 -0.15
 81 60 HER     A3s 0.09   1.03 -0.08  0.09  0.24  0.37   1.11 -0.17 -0.15 -0.13
 82 HD 192285  A4s 0.12   1.08 -0.04  0.08  0.22  0.30   1.12 -0.12 -0.14 -0.08
 83 ALPHA OPH  A5g 0.15   1.11 -0.02  0.05  0.18  0.27   1.13 -0.07 -0.13 -0.09
 84 HD 165475B A5s 0.23   1.26  0.03  0.03  0.14  0.22   1.23 -0.00 -0.11 -0.08
 85 HD 165475  A5s 0.24   1.22  0.05 -0.00  0.01  0.03   1.16  0.06 -0.01 -0.02
 86 XI SER     F0s 0.24   1.22  0.04  0.02  0.07  0.14   1.18  0.01 -0.05 -0.07
 87 HD 5132    F0s 0.29   1.18  0.08 -0.02  0.04  0.11   1.10  0.10 -0.06 -0.07
 88 HD 508     A9s 0.30   1.30  0.09 -0.02  0.03  0.05   1.21  0.11 -0.05 -0.03
 89 HD 210875  F0s 0.32   1.33  0.10  0.00  0.04  0.08   1.24  0.09 -0.04 -0.04
 90 RHO CAP    F2s 0.34   1.18  0.11 -0.03 -0.05 -0.03   1.07  0.15  0.02 -0.02
 91 HD 7331    F7s 0.43   1.25  0.17 -0.07 -0.09 -0.07   1.08  0.24  0.02 -0.02
 92 BD+630013  F5s 0.44   1.24  0.19 -0.07 -0.09 -0.09   1.05  0.26  0.02 -0.00
 93 HD 13391   G2s 0.55   1.43  0.26 -0.16 -0.23 -0.24   1.16  0.42  0.07  0.01
 94 HD 154962  G8s 0.64   1.71  0.31 -0.16 -0.29 -0.35   1.40  0.47  0.14  0.06
 95 HD 192344  G4s 0.65   1.71  0.31 -0.15 -0.28 -0.34   1.40  0.46  0.14  0.06
 96 HR 6516    G6s 0.65   1.73  0.31 -0.16 -0.27 -0.30   1.41  0.47  0.11  0.03
 97 HR 7670    G6s 0.67   1.85  0.33 -0.17 -0.28 -0.32   1.52  0.51  0.11  0.03
 98 HD 128428  G3s 0.71   1.92  0.37 -0.18 -0.34 -0.39   1.56  0.55  0.16  0.05
 99 31 AQL     G8s 0.73   1.92  0.38 -0.20 -0.35 -0.36   1.54  0.58  0.15  0.01
100 -02 4018   G5s 0.79   2.08  0.42 -0.25 -0.45 -0.52   1.66  0.66  0.20  0.07
101 M67 F143?      0.81   2.14  0.43 -0.23 -0.44 -0.51   1.71  0.67  0.21  0.07
102 HD 11004   G5s 0.82   2.07  0.46 -0.27 -0.50 -0.67   1.60  0.74  0.23  0.16
103 HD 173399A G5s 0.81   2.12  0.42 -0.21 -0.44 -0.58   1.70  0.64  0.23  0.13
104 HD 56176   G7s 0.86   2.19  0.46 -0.24 -0.48 -0.63   1.73  0.70  0.23  0.15
105 HD 227693  G5s 0.87   2.31  0.47 -0.23 -0.46 -0.60   1.85  0.70  0.22  0.14
106 HD 199580  K2s 0.88   2.43  0.48 -0.26 -0.50 -0.62   1.95  0.74  0.24  0.12
107 HD 152306  G8g 0.88   2.28  0.47 -0.24 -0.46 -0.55   1.81  0.71  0.22  0.09
108 PRAESEPE 212   0.89   2.44  0.48 -0.26 -0.46 -0.60   1.96  0.75  0.20  0.14
109 THETA1 TAU G8g 0.90   2.49  0.49 -0.25 -0.48 -0.61   2.01  0.74  0.23  0.13
110 HD 170527  G5s 0.92   2.41  0.49 -0.26 -0.52 -0.65   1.93  0.75  0.26  0.13
111 HD 136366  K0g 0.93   2.58  0.50 -0.26 -0.47 -0.67   2.08  0.76  0.21  0.21
112 HD 191615  G8s 0.95   2.55  0.52 -0.29 -0.55 -0.72   2.03  0.81  0.26  0.16
113 HD 124679  K0g 0.95   2.55  0.51 -0.26 -0.51 -0.63   2.04  0.77  0.25  0.12
114 HD 131111  K0g 0.96   2.61  0.52 -0.27 -0.58 -0.74   2.09  0.79  0.31  0.17
115 HD 113439  K0g 0.96   2.72  0.52 -0.28 -0.55 -0.65   2.20  0.81  0.27  0.10
116 HD 4744    G8s 0.99   2.58  0.56 -0.32 -0.62 -0.80   2.02  0.88  0.30  0.18
117 HD 7010    K0s 0.99   2.61  0.56 -0.32 -0.59 -0.75   2.05  0.88  0.27  0.17
118 46 L MI    K0g 0.99   2.74  0.54 -0.30 -0.58 -0.75   2.20  0.85  0.28  0.17
119 91 AQR     K0g 1.01   2.85  0.55 -0.31 -0.58 -0.71   2.30  0.86  0.27  0.14
120 M67 F141       1.01   2.88  0.56 -0.29 -0.56 -0.69   2.32  0.85  0.26  0.13
121 HR 8924A   K3g 1.01   2.99  0.56 -0.31 -0.52 -0.69   2.43  0.87  0.21  0.17
122 HD 140301  K0s 1.02   2.90  0.55 -0.29 -0.58 -0.76   2.35  0.84  0.29  0.18
123 HD 95272   K0g 1.04   2.87  0.57 -0.30 -0.60 -0.78   2.30  0.87  0.29  0.19
124 HD 72184   K2g 1.05   3.02  0.59 -0.30 -0.56 -0.74   2.43  0.88  0.26  0.18
125 HD 119425  K2g 1.04   2.93  0.57 -0.30 -0.57 -0.73   2.36  0.87  0.27  0.16
126 HD 106760  K1g 1.07   2.99  0.60 -0.32 -0.62 -0.79   2.39  0.91  0.30  0.18
127 PSI U MA   K1g 1.08   3.04  0.60 -0.32 -0.62 -0.81   2.45  0.92  0.30  0.19
128 PHI SER    K1g 1.07   3.10  0.60 -0.30 -0.49 -0.70   2.50  0.90  0.19  0.21
129 HD 136514  K3g 1.10   3.27  0.62 -0.33 -0.57 -0.81   2.66  0.95  0.24  0.24
130 MU AQL     K3g 1.12   3.22  0.64 -0.34 -0.62 -0.79   2.59  0.98  0.28  0.17
131 HR 5227    K2g 1.15   3.23  0.65 -0.33 -0.68 -0.83   2.58  0.99  0.35  0.15
132 HD 154759  K3g 1.17   3.31  0.68 -0.38 -0.69 -0.87   2.64  1.05  0.31  0.18
133 20 CYG     K3g 1.20   3.62  0.68 -0.34 -0.59 -0.83   2.94  1.02  0.25  0.24
134 ALPH SER   K2g 1.10   3.19  0.61 -0.31 -0.62 -0.81   2.57  0.92  0.30  0.19
135 MU LEO     K2g 1.17   3.42  0.66 -0.36 -0.66 -0.87   2.76  1.02  0.31  0.20
136 +1 3131    K0g 1.14   3.07  0.65 -0.34 -0.69 -0.87   2.42  0.99  0.35  0.18
137 M67 F170       1.24   3.64  0.72 -0.39 -0.76 -0.97   2.92  1.11  0.38  0.21
138 18 LIB A   K2g 1.19   3.50  0.67 -0.34 -0.69 -0.92   2.83  1.01  0.35  0.23
139 +28 2165   K1s 1.26   3.63  0.73 -0.40 -0.80 -1.02   2.90  1.13  0.40  0.22
140 NGC 188 1_69   1.23   3.52  0.71 -0.38 -0.73 -1.02   2.81  1.09  0.35  0.28
141 +30 2344   K3g 1.26   3.70  0.74 -0.41 -0.83 -1.05   2.96  1.15  0.42  0.22
142 HD 83618   K3g 1.26   3.55  0.73 -0.39 -0.79 -1.04   2.82  1.12  0.40  0.25
143 HD 158885  K3g 1.26   3.51  0.73 -0.37 -0.80 -1.08   2.78  1.10  0.43  0.28
144 HD 166780  K5g 1.32   3.84  0.77 -0.42 -0.86 -1.13   3.07  1.19  0.45  0.27
145 HD 148513  K4g 1.39   4.06  0.82 -0.41 -0.76 -1.10   3.24  1.23  0.35  0.34
146 M67 T626       1.39   3.99  0.83 -0.44 -0.88 -1.16   3.16  1.27  0.44  0.28
147 HD 127227  K5g 1.39   4.13  0.83 -0.46 -1.00 -1.27   3.30  1.29  0.54  0.28
148 M67 IV-202     1.46   4.28  0.88 -0.48 -1.04 -1.35   3.40  1.36  0.56  0.31
149 HD 50778   K4g 1.38   4.02  0.82 -0.44 -0.95 -1.30   3.20  1.26  0.51  0.35
150 HD 62721   K5g 1.39   4.01  0.83 -0.45 -0.98 -1.33   3.18  1.28  0.53  0.34
151 HD 116870  M0g 1.41   4.07  0.84 -0.46 -1.05 -1.42   3.23  1.30  0.59  0.37
152 HD 60522   M0g 1.48   4.27  0.89 -0.47 -1.09 -1.49   3.38  1.37  0.61  0.40
153 -1 3113    K5g 1.61   4.73  0.99 -0.52 -1.15 -1.55   3.74  1.51  0.63  0.39
154 +2 2884    K5g 1.43   4.23  0.86 -0.47 -1.15 -1.54   3.36  1.34  0.68  0.39
155 -2 3873    M0g 1.55   4.43  0.94 -0.52 -1.48 -2.01   3.49  1.46  0.96  0.52
156 HD 104216  M2g 1.52   4.24  0.91 -0.50 -1.47 -2.01   3.33  1.41  0.97  0.54
157 HD 142804  M1g 1.69   4.78  1.04 -0.54 -1.39 -2.08   3.74  1.58  0.84  0.69
158 HD 30959   M3g 1.71   4.62  1.04 -0.57 -1.82 -2.48   3.59  1.61  1.24  0.66
159 HD 151658  M2g 1.77   4.84  1.10 -0.64 -1.87 -2.61   3.74  1.74  1.24  0.74
160 -2 4025    M2g 1.64   4.44  1.01 -0.57 -1.99 -2.74   3.42  1.59  1.42  0.75
161 -01 3097   M2g 1.61   4.43  0.98 -0.58 -2.11 -2.92   3.45  1.56  1.53  0.82
162 TX DRA         1.55   4.19  0.95 -0.54 -2.15 -3.00   3.24  1.49  1.62  0.85
163 Z CYG      M8g 1.57   4.21  0.95 -0.59 -2.23 -3.13   3.26  1.53  1.64  0.90
164 +01 3133   M5g 1.50   3.98  0.93 -0.61 -2.43 -3.44   3.05  1.53  1.82  1.01
165 -2 3886    M5g 1.54   3.92  0.98 -0.64 -2.62 -3.68   2.94  1.62  1.97  1.06
166 W HER      M6g 1.10   2.69  0.78 -0.73 -3.32 -4.72   1.91  1.51  2.59  1.41
167 TY DRA     M8  1.56   3.61  1.08 -0.80 -3.08 -4.51   2.53  1.88  2.29  1.43
168 SW VIR     M7g 1.67   3.46  1.22 -0.95 -3.54 -5.09   2.24  2.18  2.59  1.54
169 RZ HER     M6g 1.38   2.27  1.08 -1.02 -3.81 -5.67   1.19  2.10  2.79  1.86
170 R LEO          1.92   2.98  1.52 -1.32 -4.37 -6.67   1.46  2.85  3.04  2.31
171 AW CYG     N   3.79   7.29  2.33 -1.00 -2.05 -2.77   4.97  3.33  1.05  0.71
172 WZ CAS     N   2.64   7.03  1.68 -0.83 -1.79 -2.63   5.35  2.51  0.96  0.84
173 69 CYG     B0c -.23  -0.58 -0.28  0.20  0.61  0.80  -0.30 -0.48 -0.41 -0.19
174 HR 7699    B5c -.19  -0.08 -0.25  0.17  0.51  0.74   0.17 -0.43 -0.34 -0.23
175 HR 8020    B8c 0.03   0.17 -0.09  0.07  0.26  0.37   0.25 -0.15 -0.19 -0.11
176 +17 4708       0.00   1.07  0.22 -0.09 -0.19 -0.22   0.85  0.30  0.10  0.03
177 +26 2606       0.00   1.04  0.22 -0.09 -0.18 -0.21   0.82  0.31  0.09  0.03
178 hd19445        0.00   1.02  0.23 -0.10 -0.20 -0.24   0.78  0.33  0.10  0.04
179 hd84937        0.00   0.98  0.18 -0.07 -0.14 -0.15   0.80  0.25  0.07  0.01
